<?xml version="1.0" encoding="UTF-8"?>
<testng-results ignored="0" total="12" passed="11" failed="1" skipped="0">
  <reporter-output>
  </reporter-output>
  <suite started-at="2026-01-17T15:06:16 IST" name="Master Suite" finished-at="2026-01-17T15:08:14 IST" duration-ms="117947">
    <groups>
      <group name="Master">
        <method signature="TC002_SignInPageTest.clickOnSignInandAccountButton()[pri:1, instance:testCases.TC002_SignInPageTest@6a55299e]" name="clickOnSignInandAccountButton" class="testCases.TC002_SignInPageTest"/>
      </group> <!-- Master -->
      <group name="Sanity">
        <method signature="TC002_SignInPageTest.clickOnSignInandAccountButton()[pri:1, instance:testCases.TC002_SignInPageTest@6a55299e]" name="clickOnSignInandAccountButton" class="testCases.TC002_SignInPageTest"/>
      </group> <!-- Sanity -->
    </groups>
    <test started-at="2026-01-17T15:06:16 IST" name="Test" finished-at="2026-01-17T15:08:14 IST" duration-ms="117947">
      <class name="testCases.TC002_SignInPageTest">
        <test-method is-config="true" signature="setup(java.lang.String,java.lang.String)[pri:0, instance:testCases.TC002_SignInPageTest@6a55299e]" started-at="2026-01-17T15:06:16 IST" name="setup" finished-at="2026-01-17T15:06:20 IST" duration-ms="3536" status="PASS">
          <params>
            <param index="0">
              <value>
                <![CDATA[Chrome]]>
              </value>
            </param>
            <param index="1">
              <value>
                <![CDATA[Windows]]>
              </value>
            </param>
          </params>
          <reporter-output>
          </reporter-output>
        </test-method> <!-- setup -->
        <test-method signature="clickOnSignInandAccountButton()[pri:1, instance:testCases.TC002_SignInPageTest@6a55299e]" started-at="2026-01-17T15:06:20 IST" name="clickOnSignInandAccountButton" finished-at="2026-01-17T15:06:23 IST" duration-ms="2909" status="PASS">
          <reporter-output>
          </reporter-output>
        </test-method> <!-- clickOnSignInandAccountButton -->
        <test-method is-config="true" signature="tearDown()[pri:0, instance:testCases.TC002_SignInPageTest@6a55299e]" started-at="2026-01-17T15:06:23 IST" name="tearDown" finished-at="2026-01-17T15:06:23 IST" duration-ms="372" status="PASS">
          <reporter-output>
          </reporter-output>
        </test-method> <!-- tearDown -->
        <test-method is-config="true" signature="setup(java.lang.String,java.lang.String)[pri:0, instance:testCases.TC002_SignInPageTest@6a55299e]" started-at="2026-01-17T15:06:23 IST" name="setup" finished-at="2026-01-17T15:06:26 IST" duration-ms="2609" status="PASS">
          <params>
            <param index="0">
              <value>
                <![CDATA[Chrome]]>
              </value>
            </param>
            <param index="1">
              <value>
                <![CDATA[Windows]]>
              </value>
            </param>
          </params>
          <reporter-output>
          </reporter-output>
        </test-method> <!-- setup -->
        <test-method signature="verifyLogo()[pri:2, instance:testCases.TC002_SignInPageTest@6a55299e]" started-at="2026-01-17T15:06:26 IST" name="verifyLogo" finished-at="2026-01-17T15:06:36 IST" duration-ms="10252" status="PASS">
          <reporter-output>
          </reporter-output>
        </test-method> <!-- verifyLogo -->
        <test-method is-config="true" signature="tearDown()[pri:0, instance:testCases.TC002_SignInPageTest@6a55299e]" started-at="2026-01-17T15:06:36 IST" name="tearDown" finished-at="2026-01-17T15:06:36 IST" duration-ms="374" status="PASS">
          <reporter-output>
          </reporter-output>
        </test-method> <!-- tearDown -->
        <test-method is-config="true" signature="setup(java.lang.String,java.lang.String)[pri:0, instance:testCases.TC002_SignInPageTest@6a55299e]" started-at="2026-01-17T15:06:36 IST" name="setup" finished-at="2026-01-17T15:06:39 IST" duration-ms="2356" status="PASS">
          <params>
            <param index="0">
              <value>
                <![CDATA[Chrome]]>
              </value>
            </param>
            <param index="1">
              <value>
                <![CDATA[Windows]]>
              </value>
            </param>
          </params>
          <reporter-output>
          </reporter-output>
        </test-method> <!-- setup -->
        <test-method signature="verifySignInorCreateAccountText()[pri:3, instance:testCases.TC002_SignInPageTest@6a55299e]" started-at="2026-01-17T15:06:39 IST" name="verifySignInorCreateAccountText" finished-at="2026-01-17T15:06:52 IST" duration-ms="13481" status="FAIL">
          <exception class="org.openqa.selenium.TimeoutException">
            <message>
              <![CDATA[Expected condition failed: waiting for visibility of Proxy element for: DefaultElementLocator 'By.xpath: //div[@id='nav-link-accountList']' (tried for 10 second(s) with 500 milliseconds interval)]]>
            </message>
            <full-stacktrace>
              <![CDATA[org.openqa.selenium.TimeoutException: Expected condition failed: waiting for visibility of Proxy element for: DefaultElementLocator 'By.xpath: //div[@id='nav-link-accountList']' (tried for 10 second(s) with 500 milliseconds interval)
at org.openqa.selenium.support.ui.WebDriverWait.timeoutException(WebDriverWait.java:84)
at org.openqa.selenium.support.ui.FluentWait.until(FluentWait.java:228)
at pageObjects.HomePage.signInAccountandList(HomePage.java:125)
at testCases.TC002_SignInPageTest.verifySignInorCreateAccountText(TC002_SignInPageTest.java:76)
at java.base/jdk.internal.reflect.NativeMethodAccessorImpl.invoke0(Native Method)
at java.base/jdk.internal.reflect.NativeMethodAccessorImpl.invoke(NativeMethodAccessorImpl.java:77)
at java.base/jdk.internal.reflect.DelegatingMethodAccessorImpl.invoke(DelegatingMethodAccessorImpl.java:43)
at java.base/java.lang.reflect.Method.invoke(Method.java:568)
at org.testng.internal.invokers.MethodInvocationHelper.invokeMethod(MethodInvocationHelper.java:141)
at org.testng.internal.invokers.TestInvoker.invokeMethod(TestInvoker.java:686)
at org.testng.internal.invokers.TestInvoker.invokeTestMethod(TestInvoker.java:230)
at org.testng.internal.invokers.MethodRunner.runInSequence(MethodRunner.java:63)
at org.testng.internal.invokers.TestInvoker$MethodInvocationAgent.invoke(TestInvoker.java:992)
at org.testng.internal.invokers.TestInvoker.invokeTestMethods(TestInvoker.java:203)
at org.testng.internal.invokers.TestMethodWorker.invokeTestMethods(TestMethodWorker.java:154)
at org.testng.internal.invokers.TestMethodWorker.run(TestMethodWorker.java:134)
at java.base/java.util.ArrayList.forEach(ArrayList.java:1511)
at org.testng.TestRunner.privateRun(TestRunner.java:739)
at org.testng.TestRunner.run(TestRunner.java:614)
at org.testng.SuiteRunner.runTest(SuiteRunner.java:421)
at org.testng.SuiteRunner.runSequentially(SuiteRunner.java:413)
at org.testng.SuiteRunner.privateRun(SuiteRunner.java:373)
at org.testng.SuiteRunner.run(SuiteRunner.java:312)
at org.testng.SuiteRunnerWorker.runSuite(SuiteRunnerWorker.java:52)
at org.testng.SuiteRunnerWorker.run(SuiteRunnerWorker.java:95)
at org.testng.TestNG.runSuitesSequentially(TestNG.java:1274)
at org.testng.TestNG.runSuitesLocally(TestNG.java:1208)
at org.testng.TestNG.runSuites(TestNG.java:1112)
at org.testng.TestNG.run(TestNG.java:1079)
at org.apache.maven.surefire.testng.TestNGExecutor.run(TestNGExecutor.java:308)
at org.apache.maven.surefire.testng.TestNGXmlTestSuite.execute(TestNGXmlTestSuite.java:71)
at org.apache.maven.surefire.testng.TestNGProvider.invoke(TestNGProvider.java:113)
at org.apache.maven.surefire.booter.ForkedBooter.runSuitesInProcess(ForkedBooter.java:385)
at org.apache.maven.surefire.booter.ForkedBooter.execute(ForkedBooter.java:162)
at org.apache.maven.surefire.booter.ForkedBooter.run(ForkedBooter.java:507)
at org.apache.maven.surefire.booter.ForkedBooter.main(ForkedBooter.java:495)
Caused by: org.openqa.selenium.NoSuchElementException: no such element: Unable to locate element: {"method":"xpath","selector":"//div[@id='nav-link-accountList']"}
  (Session info: chrome=144.0.7559.59)
For documentation on this error, please visit: https://www.selenium.dev/documentation/webdriver/troubleshooting/errors#nosuchelementexception
Build info: version: '4.39.0', revision: '126f156aee'
System info: os.name: 'Windows 11', os.arch: 'amd64', os.version: '10.0', java.version: '17.0.12'
Driver info: org.openqa.selenium.chrome.ChromeDriver
Command: [7119548deb0f1536c3bffd257393317e, findElement {value=//div[@id='nav-link-accountList'], using=xpath}]
Capabilities {acceptInsecureCerts: false, browserName: chrome, browserVersion: 144.0.7559.59, chrome: {chromedriverVersion: 144.0.7559.31 (18537d992890..., userDataDir: C:\Users\csank\AppData\Loca...}, fedcm:accounts: true, goog:chromeOptions: {debuggerAddress: localhost:53520}, goog:processID: 17568, networkConnectionEnabled: false, pageLoadStrategy: normal, platformName: windows, proxy: Proxy(), se:cdp: ws://localhost:53520/devtoo..., se:cdpVersion: 144.0.7559.59, setWindowRect: true, strictFileInteractability: false, timeouts: {implicit: 0, pageLoad: 300000, script: 30000}, unhandledPromptBehavior: dismiss and notify, webauthn:extension:credBlob: true, webauthn:extension:largeBlob: true, webauthn:extension:minPinLength: true, webauthn:extension:prf: true, webauthn:virtualAuthenticators: true}
Session ID: 7119548deb0f1536c3bffd257393317e
at jdk.internal.reflect.GeneratedConstructorAccessor18.newInstance(Unknown Source)
at java.base/jdk.internal.reflect.DelegatingConstructorAccessorImpl.newInstance(DelegatingConstructorAccessorImpl.java:45)
at java.base/java.lang.reflect.Constructor.newInstanceWithCaller(Constructor.java:499)
at java.base/java.lang.reflect.Constructor.newInstance(Constructor.java:480)
at org.openqa.selenium.remote.ErrorCodec.decode(ErrorCodec.java:167)
at org.openqa.selenium.remote.codec.w3c.W3CHttpResponseCodec.decode(W3CHttpResponseCodec.java:142)
at org.openqa.selenium.remote.codec.w3c.W3CHttpResponseCodec.decode(W3CHttpResponseCodec.java:49)
at org.openqa.selenium.remote.HttpCommandExecutor.execute(HttpCommandExecutor.java:215)
at org.openqa.selenium.remote.service.DriverCommandExecutor.invokeExecute(DriverCommandExecutor.java:216)
at org.openqa.selenium.remote.service.DriverCommandExecutor.execute(DriverCommandExecutor.java:174)
at org.openqa.selenium.remote.RemoteWebDriver.execute(RemoteWebDriver.java:561)
at org.openqa.selenium.remote.ElementLocation$ElementFinder$2.findElement(ElementLocation.java:166)
at org.openqa.selenium.remote.ElementLocation.findElement(ElementLocation.java:60)
at org.openqa.selenium.remote.RemoteWebDriver.findElement(RemoteWebDriver.java:384)
at org.openqa.selenium.remote.RemoteWebDriver.findElement(RemoteWebDriver.java:378)
at org.openqa.selenium.support.pagefactory.DefaultElementLocator.findElement(DefaultElementLocator.java:68)
at org.openqa.selenium.support.pagefactory.internal.LocatingElementHandler.invoke(LocatingElementHandler.java:38)
at jdk.proxy2/jdk.proxy2.$Proxy28.isDisplayed(Unknown Source)
at org.openqa.selenium.support.ui.ExpectedConditions.elementIfVisible(ExpectedConditions.java:308)
at org.openqa.selenium.support.ui.ExpectedConditions$10.apply(ExpectedConditions.java:294)
at org.openqa.selenium.support.ui.ExpectedConditions$10.apply(ExpectedConditions.java:291)
at org.openqa.selenium.support.ui.FluentWait.until(FluentWait.java:203)
... 34 more
]]>
            </full-stacktrace>
          </exception> <!-- org.openqa.selenium.TimeoutException -->
          <reporter-output>
          </reporter-output>
        </test-method> <!-- verifySignInorCreateAccountText -->
        <test-method is-config="true" signature="tearDown()[pri:0, instance:testCases.TC002_SignInPageTest@6a55299e]" started-at="2026-01-17T15:06:52 IST" name="tearDown" finished-at="2026-01-17T15:06:53 IST" duration-ms="332" status="PASS">
          <reporter-output>
          </reporter-output>
        </test-method> <!-- tearDown -->
        <test-method is-config="true" signature="setup(java.lang.String,java.lang.String)[pri:0, instance:testCases.TC002_SignInPageTest@6a55299e]" started-at="2026-01-17T15:06:53 IST" name="setup" finished-at="2026-01-17T15:06:56 IST" duration-ms="2821" status="PASS">
          <params>
            <param index="0">
              <value>
                <![CDATA[Chrome]]>
              </value>
            </param>
            <param index="1">
              <value>
                <![CDATA[Windows]]>
              </value>
            </param>
          </params>
          <reporter-output>
          </reporter-output>
        </test-method> <!-- setup -->
        <test-method signature="verifyEnterMobileNumberOrEmailText()[pri:4, instance:testCases.TC002_SignInPageTest@6a55299e]" started-at="2026-01-17T15:06:56 IST" name="verifyEnterMobileNumberOrEmailText" finished-at="2026-01-17T15:06:58 IST" duration-ms="2833" status="PASS">
          <reporter-output>
          </reporter-output>
        </test-method> <!-- verifyEnterMobileNumberOrEmailText -->
        <test-method is-config="true" signature="tearDown()[pri:0, instance:testCases.TC002_SignInPageTest@6a55299e]" started-at="2026-01-17T15:06:58 IST" name="tearDown" finished-at="2026-01-17T15:06:59 IST" duration-ms="320" status="PASS">
          <reporter-output>
          </reporter-output>
        </test-method> <!-- tearDown -->
        <test-method is-config="true" signature="setup(java.lang.String,java.lang.String)[pri:0, instance:testCases.TC002_SignInPageTest@6a55299e]" started-at="2026-01-17T15:06:59 IST" name="setup" finished-at="2026-01-17T15:07:01 IST" duration-ms="2463" status="PASS">
          <params>
            <param index="0">
              <value>
                <![CDATA[Chrome]]>
              </value>
            </param>
            <param index="1">
              <value>
                <![CDATA[Windows]]>
              </value>
            </param>
          </params>
          <reporter-output>
          </reporter-output>
        </test-method> <!-- setup -->
        <test-method signature="enterMobileNumberIntxtMobileBox()[pri:5, instance:testCases.TC002_SignInPageTest@6a55299e]" started-at="2026-01-17T15:07:01 IST" name="enterMobileNumberIntxtMobileBox" finished-at="2026-01-17T15:07:11 IST" duration-ms="9364" status="PASS">
          <reporter-output>
          </reporter-output>
        </test-method> <!-- enterMobileNumberIntxtMobileBox -->
        <test-method is-config="true" signature="tearDown()[pri:0, instance:testCases.TC002_SignInPageTest@6a55299e]" started-at="2026-01-17T15:07:11 IST" name="tearDown" finished-at="2026-01-17T15:07:11 IST" duration-ms="379" status="PASS">
          <reporter-output>
          </reporter-output>
        </test-method> <!-- tearDown -->
        <test-method is-config="true" signature="setup(java.lang.String,java.lang.String)[pri:0, instance:testCases.TC002_SignInPageTest@6a55299e]" started-at="2026-01-17T15:07:11 IST" name="setup" finished-at="2026-01-17T15:07:13 IST" duration-ms="2409" status="PASS">
          <params>
            <param index="0">
              <value>
                <![CDATA[Chrome]]>
              </value>
            </param>
            <param index="1">
              <value>
                <![CDATA[Windows]]>
              </value>
            </param>
          </params>
          <reporter-output>
          </reporter-output>
        </test-method> <!-- setup -->
        <test-method signature="verifyContinueButton()[pri:6, instance:testCases.TC002_SignInPageTest@6a55299e]" started-at="2026-01-17T15:07:13 IST" name="verifyContinueButton" finished-at="2026-01-17T15:07:16 IST" duration-ms="3098" status="PASS">
          <reporter-output>
          </reporter-output>
        </test-method> <!-- verifyContinueButton -->
        <test-method is-config="true" signature="tearDown()[pri:0, instance:testCases.TC002_SignInPageTest@6a55299e]" started-at="2026-01-17T15:07:16 IST" name="tearDown" finished-at="2026-01-17T15:07:17 IST" duration-ms="294" status="PASS">
          <reporter-output>
          </reporter-output>
        </test-method> <!-- tearDown -->
        <test-method is-config="true" signature="setup(java.lang.String,java.lang.String)[pri:0, instance:testCases.TC002_SignInPageTest@6a55299e]" started-at="2026-01-17T15:07:17 IST" name="setup" finished-at="2026-01-17T15:07:19 IST" duration-ms="2371" status="PASS">
          <params>
            <param index="0">
              <value>
                <![CDATA[Chrome]]>
              </value>
            </param>
            <param index="1">
              <value>
                <![CDATA[Windows]]>
              </value>
            </param>
          </params>
          <reporter-output>
          </reporter-output>
        </test-method> <!-- setup -->
        <test-method signature="verifybyContinuingYouAgreeToAmazonsText()[pri:7, instance:testCases.TC002_SignInPageTest@6a55299e]" started-at="2026-01-17T15:07:19 IST" name="verifybyContinuingYouAgreeToAmazonsText" finished-at="2026-01-17T15:07:23 IST" duration-ms="3368" status="PASS">
          <reporter-output>
          </reporter-output>
        </test-method> <!-- verifybyContinuingYouAgreeToAmazonsText -->
        <test-method is-config="true" signature="tearDown()[pri:0, instance:testCases.TC002_SignInPageTest@6a55299e]" started-at="2026-01-17T15:07:23 IST" name="tearDown" finished-at="2026-01-17T15:07:23 IST" duration-ms="336" status="PASS">
          <reporter-output>
          </reporter-output>
        </test-method> <!-- tearDown -->
        <test-method is-config="true" signature="setup(java.lang.String,java.lang.String)[pri:0, instance:testCases.TC002_SignInPageTest@6a55299e]" started-at="2026-01-17T15:07:23 IST" name="setup" finished-at="2026-01-17T15:07:25 IST" duration-ms="2282" status="PASS">
          <params>
            <param index="0">
              <value>
                <![CDATA[Chrome]]>
              </value>
            </param>
            <param index="1">
              <value>
                <![CDATA[Windows]]>
              </value>
            </param>
          </params>
          <reporter-output>
          </reporter-output>
        </test-method> <!-- setup -->
        <test-method signature="verifyConditionsOfUseLink()[pri:8, instance:testCases.TC002_SignInPageTest@6a55299e]" started-at="2026-01-17T15:07:25 IST" name="verifyConditionsOfUseLink" finished-at="2026-01-17T15:07:30 IST" duration-ms="5131" status="PASS">
          <reporter-output>
          </reporter-output>
        </test-method> <!-- verifyConditionsOfUseLink -->
        <test-method is-config="true" signature="tearDown()[pri:0, instance:testCases.TC002_SignInPageTest@6a55299e]" started-at="2026-01-17T15:07:30 IST" name="tearDown" finished-at="2026-01-17T15:07:31 IST" duration-ms="326" status="PASS">
          <reporter-output>
          </reporter-output>
        </test-method> <!-- tearDown -->
        <test-method is-config="true" signature="setup(java.lang.String,java.lang.String)[pri:0, instance:testCases.TC002_SignInPageTest@6a55299e]" started-at="2026-01-17T15:07:31 IST" name="setup" finished-at="2026-01-17T15:07:33 IST" duration-ms="2412" status="PASS">
          <params>
            <param index="0">
              <value>
                <![CDATA[Chrome]]>
              </value>
            </param>
            <param index="1">
              <value>
                <![CDATA[Windows]]>
              </value>
            </param>
          </params>
          <reporter-output>
          </reporter-output>
        </test-method> <!-- setup -->
        <test-method signature="verifyPrivacyNoticeLink()[pri:9, instance:testCases.TC002_SignInPageTest@6a55299e]" started-at="2026-01-17T15:07:33 IST" name="verifyPrivacyNoticeLink" finished-at="2026-01-17T15:07:38 IST" duration-ms="5223" status="PASS">
          <reporter-output>
          </reporter-output>
        </test-method> <!-- verifyPrivacyNoticeLink -->
        <test-method is-config="true" signature="tearDown()[pri:0, instance:testCases.TC002_SignInPageTest@6a55299e]" started-at="2026-01-17T15:07:38 IST" name="tearDown" finished-at="2026-01-17T15:07:39 IST" duration-ms="333" status="PASS">
          <reporter-output>
          </reporter-output>
        </test-method> <!-- tearDown -->
        <test-method is-config="true" signature="setup(java.lang.String,java.lang.String)[pri:0, instance:testCases.TC002_SignInPageTest@6a55299e]" started-at="2026-01-17T15:07:39 IST" name="setup" finished-at="2026-01-17T15:07:42 IST" duration-ms="3113" status="PASS">
          <params>
            <param index="0">
              <value>
                <![CDATA[Chrome]]>
              </value>
            </param>
            <param index="1">
              <value>
                <![CDATA[Windows]]>
              </value>
            </param>
          </params>
          <reporter-output>
          </reporter-output>
        </test-method> <!-- setup -->
        <test-method signature="verifyBuyingForWorkText()[pri:10, instance:testCases.TC002_SignInPageTest@6a55299e]" started-at="2026-01-17T15:07:42 IST" name="verifyBuyingForWorkText" finished-at="2026-01-17T15:07:45 IST" duration-ms="3420" status="PASS">
          <reporter-output>
          </reporter-output>
        </test-method> <!-- verifyBuyingForWorkText -->
        <test-method is-config="true" signature="tearDown()[pri:0, instance:testCases.TC002_SignInPageTest@6a55299e]" started-at="2026-01-17T15:07:45 IST" name="tearDown" finished-at="2026-01-17T15:07:45 IST" duration-ms="366" status="PASS">
          <reporter-output>
          </reporter-output>
        </test-method> <!-- tearDown -->
        <test-method is-config="true" signature="setup(java.lang.String,java.lang.String)[pri:0, instance:testCases.TC002_SignInPageTest@6a55299e]" started-at="2026-01-17T15:07:45 IST" name="setup" finished-at="2026-01-17T15:07:48 IST" duration-ms="2351" status="PASS">
          <params>
            <param index="0">
              <value>
                <![CDATA[Chrome]]>
              </value>
            </param>
            <param index="1">
              <value>
                <![CDATA[Windows]]>
              </value>
            </param>
          </params>
          <reporter-output>
          </reporter-output>
        </test-method> <!-- setup -->
        <test-method signature="verifyFreeBusinnessAccountLink()[pri:11, instance:testCases.TC002_SignInPageTest@6a55299e]" started-at="2026-01-17T15:07:48 IST" name="verifyFreeBusinnessAccountLink" finished-at="2026-01-17T15:07:54 IST" duration-ms="5837" status="PASS">
          <reporter-output>
          </reporter-output>
        </test-method> <!-- verifyFreeBusinnessAccountLink -->
        <test-method is-config="true" signature="tearDown()[pri:0, instance:testCases.TC002_SignInPageTest@6a55299e]" started-at="2026-01-17T15:07:54 IST" name="tearDown" finished-at="2026-01-17T15:07:54 IST" duration-ms="281" status="PASS">
          <reporter-output>
          </reporter-output>
        </test-method> <!-- tearDown -->
        <test-method is-config="true" signature="setup(java.lang.String,java.lang.String)[pri:0, instance:testCases.TC002_SignInPageTest@6a55299e]" started-at="2026-01-17T15:07:54 IST" name="setup" finished-at="2026-01-17T15:07:56 IST" duration-ms="2418" status="PASS">
          <params>
            <param index="0">
              <value>
                <![CDATA[Chrome]]>
              </value>
            </param>
            <param index="1">
              <value>
                <![CDATA[Windows]]>
              </value>
            </param>
          </params>
          <reporter-output>
          </reporter-output>
        </test-method> <!-- setup -->
        <test-method signature="verifyHelpLink()[pri:12, instance:testCases.TC002_SignInPageTest@6a55299e]" started-at="2026-01-17T15:07:56 IST" name="verifyHelpLink" finished-at="2026-01-17T15:08:14 IST" duration-ms="17216" status="PASS">
          <reporter-output>
          </reporter-output>
        </test-method> <!-- verifyHelpLink -->
        <test-method is-config="true" signature="tearDown()[pri:0, instance:testCases.TC002_SignInPageTest@6a55299e]" started-at="2026-01-17T15:08:14 IST" name="tearDown" finished-at="2026-01-17T15:08:14 IST" duration-ms="354" status="PASS">
          <reporter-output>
          </reporter-output>
        </test-method> <!-- tearDown -->
      </class> <!-- testCases.TC002_SignInPageTest -->
    </test> <!-- Test -->
  </suite> <!-- Master Suite -->
</testng-results>
