<?xml version="1.0" encoding="UTF-8"?>
<!-- Generated by org.testng.reporters.JUnitReportReporter -->
<testsuite hostname="DESKTOP-JV01I0N" failures="0" tests="5" name="testCases.TC005_DataDrivenSearchProductTest" time="49.784" errors="0" timestamp="2025-11-28T15:13:13 IST" skipped="0">
  <testcase classname="testCases.TC005_DataDrivenSearchProductTest" name="verifyDataDrivenProductSearch" time="11.104"/>
  <testcase classname="testCases.TC005_DataDrivenSearchProductTest" name="verifyDataDrivenProductSearch" time="9.905"/>
  <testcase classname="testCases.TC005_DataDrivenSearchProductTest" name="verifyDataDrivenProductSearch" time="9.160"/>
  <testcase classname="testCases.TC005_DataDrivenSearchProductTest" name="verifyDataDrivenProductSearch" time="9.675"/>
  <testcase classname="testCases.TC005_DataDrivenSearchProductTest" name="verifyDataDrivenProductSearch" time="9.940"/>
</testsuite> <!-- testCases.TC005_DataDrivenSearchProductTest -->
